<?xml version="1.0" encoding="UTF-8"?>
<!-- Generated by org.testng.reporters.JUnitXMLReporter -->
<testsuite ignored="0" hostname="DESKTOP-PME6MC6" failures="0" tests="1" name="Chrome Test" time="0.129" errors="0" timestamp="2022-05-17T08:05:51 IST">
  <testcase classname="com.java.TestNG.ParametersTest.ParallelExecution" name="@BeforeSuite launchBrowser" time="-1.652754950914E9">
    <failure type="org.testng.TestNGException" message="
Parameter &amp;apos;browse&amp;apos; is required by BeforeSuite on method launchBrowser but has not been marked @Optional or defined
in C:\Users\LENOVO\EclipseWorkSpace\TestNGTest\src\com\java\TestNG\ParametersTest\parameterTest2.xml">
      <![CDATA[org.testng.TestNGException: 
Parameter 'browse' is required by BeforeSuite on method launchBrowser but has not been marked @Optional or defined
in C:\Users\LENOVO\EclipseWorkSpace\TestNGTest\src\com\java\TestNG\ParametersTest\parameterTest2.xml
... Removed 16 stack frames]]>
    </failure>
  </testcase> <!-- @BeforeSuite launchBrowser -->
  <testcase classname="com.java.TestNG.ParametersTest.ParallelExecution" name="google" time="0.0">
    <skipped/>
  </testcase> <!-- google -->
</testsuite> <!-- Chrome Test -->
